<?xml version="1.0" encoding="UTF-8"?>
<!-- Generated by org.testng.reporters.JUnitXMLReporter -->
<testsuite ignored="0" hostname="LAPTOP-2R8LRORQ" failures="0" tests="1" name="Default test" time="1.996" errors="0" timestamp="2022-09-27T01:20:59 EDT">
  <testcase classname="dayOne.WebDriverTest" name="@BeforeTest main" time="1.9">
    <failure type="org.openqa.selenium.SessionNotCreatedException" message="session not created: This version of ChromeDriver only supports Chrome version 101
Current browser version is 105.0.5195.127 with binary path C:\Program Files (x86)\Google\Chrome\Application\chrome.exe
Build info: version: &amp;apos;3.141.59&amp;apos;, revision: &amp;apos;e82be7d358&amp;apos;, time: &amp;apos;2018-11-14T08:25:48&amp;apos;
System info: host: &amp;apos;LAPTOP-2R8LRORQ&amp;apos;, ip: &amp;apos;169.254.123.48&amp;apos;, os.name: &amp;apos;Windows 10&amp;apos;, os.arch: &amp;apos;amd64&amp;apos;, os.version: &amp;apos;10.0&amp;apos;, java.version: &amp;apos;18.0.1.1&amp;apos;
Driver info: driver.version: ChromeDriver
remote stacktrace: Backtrace:
	Ordinal0 [0x003DB8F3+2406643]
	Ordinal0 [0x0036AF31+1945393]
	Ordinal0 [0x0025C748+837448]
	Ordinal0 [0x0027C8B3+968883]
	Ordinal0 [0x002784BA+951482]
	Ordinal0 [0x00275D71+941425]
	Ordinal0 [0x002A8EE0+1150688]
	Ordinal0 [0x002A8B3A+1149754]
	Ordinal0 [0x002A4096+1130646]
	Ordinal0 [0x0027E636+976438]
	Ordinal0 [0x0027F546+980294]
	GetHandleVerifier [0x00649612+2498066]
	GetHandleVerifier [0x0063C920+2445600]
	GetHandleVerifier [0x00474F2A+579370]
	GetHandleVerifier [0x00473D36+574774]
	Ordinal0 [0x00371C0B+1973259]
	Ordinal0 [0x00376688+1992328]
	Ordinal0 [0x00376775+1992565]
	Ordinal0 [0x0037F8D1+2029777]
	BaseThreadInitThunk [0x75EAFA29+25]
	RtlGetAppContainerNamedObjectPath [0x77B27B5E+286]
	RtlGetAppContainerNamedObjectPath [0x77B27B2E+238]
">
      <![CDATA[org.openqa.selenium.SessionNotCreatedException: session not created: This version of ChromeDriver only supports Chrome version 101
Current browser version is 105.0.5195.127 with binary path C:\Program Files (x86)\Google\Chrome\Application\chrome.exe
Build info: version: '3.141.59', revision: 'e82be7d358', time: '2018-11-14T08:25:48'
System info: host: 'LAPTOP-2R8LRORQ', ip: '169.254.123.48', os.name: 'Windows 10', os.arch: 'amd64', os.version: '10.0', java.version: '18.0.1.1'
Driver info: driver.version: ChromeDriver
remote stacktrace: Backtrace:
Ordinal0 [0x003DB8F3+2406643]
Ordinal0 [0x0036AF31+1945393]
Ordinal0 [0x0025C748+837448]
Ordinal0 [0x0027C8B3+968883]
Ordinal0 [0x002784BA+951482]
Ordinal0 [0x00275D71+941425]
Ordinal0 [0x002A8EE0+1150688]
Ordinal0 [0x002A8B3A+1149754]
Ordinal0 [0x002A4096+1130646]
Ordinal0 [0x0027E636+976438]
Ordinal0 [0x0027F546+980294]
GetHandleVerifier [0x00649612+2498066]
GetHandleVerifier [0x0063C920+2445600]
GetHandleVerifier [0x00474F2A+579370]
GetHandleVerifier [0x00473D36+574774]
Ordinal0 [0x00371C0B+1973259]
Ordinal0 [0x00376688+1992328]
Ordinal0 [0x00376775+1992565]
Ordinal0 [0x0037F8D1+2029777]
BaseThreadInitThunk [0x75EAFA29+25]
RtlGetAppContainerNamedObjectPath [0x77B27B5E+286]
RtlGetAppContainerNamedObjectPath [0x77B27B2E+238]

at java.base/jdk.internal.reflect.DirectConstructorHandleAccessor.newInstance(DirectConstructorHandleAccessor.java:67)
at java.base/java.lang.reflect.Constructor.newInstanceWithCaller(Constructor.java:499)
at java.base/java.lang.reflect.Constructor.newInstance(Constructor.java:483)
at org.openqa.selenium.remote.W3CHandshakeResponse.lambda$errorHandler$0(W3CHandshakeResponse.java:62)
at org.openqa.selenium.remote.HandshakeResponse.lambda$getResponseFunction$0(HandshakeResponse.java:30)
at org.openqa.selenium.remote.ProtocolHandshake.lambda$createSession$0(ProtocolHandshake.java:126)
at java.base/java.util.stream.ReferencePipeline$3$1.accept(ReferencePipeline.java:197)
at java.base/java.util.Spliterators$ArraySpliterator.tryAdvance(Spliterators.java:1002)
at java.base/java.util.stream.ReferencePipeline.forEachWithCancel(ReferencePipeline.java:129)
at java.base/java.util.stream.AbstractPipeline.copyIntoWithCancel(AbstractPipeline.java:527)
at java.base/java.util.stream.AbstractPipeline.copyInto(AbstractPipeline.java:513)
at java.base/java.util.stream.AbstractPipeline.wrapAndCopyInto(AbstractPipeline.java:499)
at java.base/java.util.stream.FindOps$FindOp.evaluateSequential(FindOps.java:150)
at java.base/java.util.stream.AbstractPipeline.evaluate(AbstractPipeline.java:234)
at java.base/java.util.stream.ReferencePipeline.findFirst(ReferencePipeline.java:647)
at org.openqa.selenium.remote.ProtocolHandshake.createSession(ProtocolHandshake.java:128)
at org.openqa.selenium.remote.ProtocolHandshake.createSession(ProtocolHandshake.java:74)
at org.openqa.selenium.remote.HttpCommandExecutor.execute(HttpCommandExecutor.java:136)
at org.openqa.selenium.remote.service.DriverCommandExecutor.execute(DriverCommandExecutor.java:83)
at org.openqa.selenium.remote.RemoteWebDriver.execute(RemoteWebDriver.java:552)
at org.openqa.selenium.remote.RemoteWebDriver.startSession(RemoteWebDriver.java:213)
at org.openqa.selenium.remote.RemoteWebDriver.<init>(RemoteWebDriver.java:131)
at org.openqa.selenium.chrome.ChromeDriver.<init>(ChromeDriver.java:181)
at org.openqa.selenium.chrome.ChromeDriver.<init>(ChromeDriver.java:168)
at org.openqa.selenium.chrome.ChromeDriver.<init>(ChromeDriver.java:123)
at dayOne.WebDriverTest.main(WebDriverTest.java:35)
at java.base/jdk.internal.reflect.DirectMethodHandleAccessor.invoke(DirectMethodHandleAccessor.java:104)
at java.base/java.lang.reflect.Method.invoke(Method.java:577)
at org.testng.internal.MethodInvocationHelper.invokeMethod(MethodInvocationHelper.java:133)
at org.testng.internal.MethodInvocationHelper.invokeMethodConsideringTimeout(MethodInvocationHelper.java:62)
at org.testng.internal.ConfigInvoker.invokeConfigurationMethod(ConfigInvoker.java:385)
at org.testng.internal.ConfigInvoker.invokeConfigurations(ConfigInvoker.java:321)
at org.testng.TestRunner.invokeTestConfigurations(TestRunner.java:637)
at org.testng.TestRunner.beforeRun(TestRunner.java:627)
at org.testng.TestRunner.run(TestRunner.java:589)
at org.testng.SuiteRunner.runTest(SuiteRunner.java:377)
at org.testng.SuiteRunner.runSequentially(SuiteRunner.java:371)
at org.testng.SuiteRunner.privateRun(SuiteRunner.java:332)
at org.testng.SuiteRunner.run(SuiteRunner.java:276)
at org.testng.SuiteRunnerWorker.runSuite(SuiteRunnerWorker.java:53)
at org.testng.SuiteRunnerWorker.run(SuiteRunnerWorker.java:96)
at org.testng.TestNG.runSuitesSequentially(TestNG.java:1212)
at org.testng.TestNG.runSuitesLocally(TestNG.java:1134)
at org.testng.TestNG.runSuites(TestNG.java:1063)
at org.testng.TestNG.run(TestNG.java:1031)
at org.testng.remote.AbstractRemoteTestNG.run(AbstractRemoteTestNG.java:115)
at org.testng.remote.RemoteTestNG.initAndRun(RemoteTestNG.java:251)
at org.testng.remote.RemoteTestNG.main(RemoteTestNG.java:77)
]]>
    </failure>
  </testcase> <!-- @BeforeTest main -->
  <testcase classname="dayOne.WebDriverTest" name="@AfterTest tearDown" time="-1.664256059885E9">
    <skipped/>
  </testcase> <!-- @AfterTest tearDown -->
  <testcase classname="dayOne.WebDriverTest" name="testYahooPage" time="0.0">
    <skipped/>
  </testcase> <!-- testYahooPage -->
</testsuite> <!-- Default test -->
